C51 COMPILER V9.00   STOPWATCH                                                             05/30/2017 00:19:27 PAGE 1   


C51 COMPILER V9.00, COMPILATION OF MODULE STOPWATCH
OBJECT MODULE PLACED IN Stopwatch.OBJ
COMPILER INVOKED BY: D:\新建文件夹\C51\BIN\C51.EXE Stopwatch.c BROWSE DEBUG OBJECTEXTEND

line level    source

   1          /***************************************************************************
   2                                                             实现秒表功能
   3          ***************************************************************************/
   4          
   5          #include"stopwatch.h"    //秒表
   6          extern uchar flag;
   7          extern bit long_press;
   8          uchar keytemp;                                            //按键值
   9          uchar stop_time[]={0x00,0x00,0x00};       //秒表的10毫秒，秒，分
  10          bit  stop_flag = 0;                                       //秒表的暂停标记
  11          /*********************秒表函数***************************/
  12          void stop_watch()
  13          {       
  14   1              Timer0_init();             //初始化定时器0
  15   1              ms_10 = 0;                         //时间片置0
  16   1      
  17   1              while(flag == 4)                   //
  18   1              {
  19   2                      ShowTime();
  20   2      
  21   2                      if(ms_10 >= 10)
  22   2                      {
  23   3                              ms_10 = 0;
  24   3                              menu_scan();                       //菜单扫描
  25   3                              stopwatch_scan();                  //key2,key3扫描
  26   3                              Key4Stop_Scan();                   //key4扫描
  27   3                              
  28   3                              if(stop_flag)                      //时间增加
  29   3                                      stop_time[0]++;
  30   3                      }
  31   2                      
  32   2                      if(stop_time[0] >= 99)             //对时间增加的处理
  33   2                      {
  34   3                              stop_time[0] = 0;
  35   3                              stop_time[1]++;
  36   3                              if(stop_time[1] >= 60)
  37   3                              {
  38   4                                      stop_time[1] = 0;
  39   4                                      stop_time[2]++;
  40   4                                      if(stop_time[2] > 99)  //时间达到最大值后重新赋值
  41   4                                      {                                          
  42   5                                              stop_time[0] = 0x00;
  43   5                                              stop_time[1] = 0x00;
  44   5                                              stop_time[2] = 0x00;
  45   5                                      }
  46   4                              }
  47   3                      }
  48   2                      
  49   2              }
  50   1      }
  51          
  52          
  53          /********************键盘2、3扫描状态机*****************/
  54          void stopwatch_scan()
  55          {
C51 COMPILER V9.00   STOPWATCH                                                             05/30/2017 00:19:27 PAGE 2   

  56   1              static char state = 0; 
  57   1      
  58   1              if (key2 == 0)
  59   1                      keytemp = 2;
  60   1              else if (key3 == 0)
  61   1                      keytemp = 3;
  62   1              else
  63   1                      keytemp = 0;
  64   1      
  65   1              switch(state)
  66   1              {
  67   2                      case 0: if(keytemp == 0)
  68   2                                      {
  69   3                                              state = 1;
  70   3                                      }
  71   2                                      else
  72   2                                              state = 0;
  73   2                                      break;          
  74   2                      case 1: if(keytemp == 0)
  75   2                                      {
  76   3                                              state = 2;
  77   3                                      }
  78   2                                      else
  79   2                                              state = 0;
  80   2                                      break;
  81   2                      case 2: if(keytemp != 0) 
  82   2                                      {                                                               //对按键进行处理
  83   3                                              if(keytemp == 2)
  84   3                                                      stop_flag = ~stop_flag; //暂停
  85   3                                              else if(keytemp == 3)
  86   3                                                      stop_flag = 0;                  //停止
  87   3                                              state = 0;
  88   3                                      }
  89   2                                      else
  90   2                                              state = 2;
  91   2                                      break;
  92   2                      
  93   2              }
  94   1      }
  95          
  96          
  97          /*********************按键4的状态扫描********************/
  98          void Key4Stop_Scan()
  99          {
 100   1              static uint Key4_State = 0; //static
 101   1      
 102   1              switch (Key4_State)
 103   1              {
 104   2              case 0: if (key4 == 0)
 105   2                              {
 106   3                                      Key4_State = 1;
 107   3                              }
 108   2                              else
 109   2                                      Key4_State = 0;
 110   2                              break;
 111   2      
 112   2              case 1: if (key4 == 0)
 113   2                              {
 114   3                                      Key4_State = 2;
 115   3                              }
 116   2                              else
 117   2                                      Key4_State = 0;
C51 COMPILER V9.00   STOPWATCH                                                             05/30/2017 00:19:27 PAGE 3   

 118   2                              break;
 119   2      
 120   2              case 2: if (key4 != 0)
 121   2                              {
 122   3                                      
 123   3                                      Key4Stop_Handler();             //对按键进行处理
 124   3                                      Key4_State = 0;
 125   3                              }
 126   2                              else
 127   2                                      Key4_State = 3;                         //进入状态3，判断是否被长按
 128   2                              break;
 129   2      
 130   2              case 3: if (key4 == 0)
 131   2                              {
 132   3                                      last_time++;
 133   3                                      if (last_time >= 200)           //长按
 134   3                                      {
 135   4                                              last_time = 0;
 136   4                                              long_press = 1;                 //确认是长按
 137   4                                      }
 138   3                              }
 139   2                              else
 140   2                                      Key4_State = 2;                          
 141   2                              break;
 142   2                              }
 143   1      }
 144          
 145          /*****************key4按键处理******************/
 146          void Key4Stop_Handler()
 147          {
 148   1              if(long_press == 1)
 149   1              {
 150   2                      long_press = 0;
 151   2                      led_long = 0;                           //长按指示灯
 152   2                      flag = 1;                                       //回到时钟显示模式
 153   2              }
 154   1              else if(long_press == 0)
 155   1              {
 156   2                      led_short = ~led_short;         //短按指示灯
 157   2                      stop_time[2] = 0;
 158   2                      stop_time[1] = 0;
 159   2                      stop_time[0] = 0;
 160   2              }
 161   1      }
 162          
 163          /**************数码管显示时间****************/
 164          void ShowTime()
 165          {
 166   1              display(1,stop_time[0]%10);     
 167   1              display(2,stop_time[0]/10);
 168   1              display(3,17);
 169   1              display(4,stop_time[1]%10);     
 170   1              display(5,stop_time[1]/10);
 171   1              display(6,17);
 172   1              display(7,stop_time[2]%10);     
 173   1              display(8,stop_time[2]/10);     
 174   1      }


MODULE INFORMATION:   STATIC OVERLAYABLE
   CODE SIZE        =    593    ----
   CONSTANT SIZE    =   ----    ----
C51 COMPILER V9.00   STOPWATCH                                                             05/30/2017 00:19:27 PAGE 4   

   XDATA SIZE       =   ----    ----
   PDATA SIZE       =   ----    ----
   DATA SIZE        =     40    ----
   IDATA SIZE       =   ----    ----
   BIT SIZE         =      4    ----
END OF MODULE INFORMATION.


C51 COMPILATION COMPLETE.  0 WARNING(S),  0 ERROR(S)
